2018-02-28 14:52:20.897 [Thread-4] INFO  com.scienjus.smartqq.client.SmartQQApi - 开始获取二维码
2018-02-28 14:52:21.096 [Thread-4] INFO  com.scienjus.smartqq.client.SmartQQApi - 二维码已保存在 /home/linux/go/src/github.com/firerainos/firerain-web-go/.idea/SmartIM/smartqq.jpg 文件中，请打开手机QQ并扫描二维码
2018-02-28 14:52:33.407 [Thread-4] INFO  com.scienjus.smartqq.client.SmartQQApi - 正在登录，请稍后
2018-02-28 14:52:33.408 [Thread-4] INFO  com.scienjus.smartqq.client.SmartQQApi - 开始获取ptwebqq
2018-02-28 14:52:33.507 [Thread-4] INFO  com.scienjus.smartqq.client.SmartQQApi - 开始获取vfwebqq
2018-02-28 14:52:33.654 [Thread-4] INFO  com.scienjus.smartqq.client.SmartQQApi - 开始获取uin和psessionid
2018-02-28 14:52:33.817 [Thread-5] INFO  com.scienjus.smartqq.client.SmartQQApi - 开始获取登录用户信息
2018-02-28 14:52:33.929 [Thread-5] INFO  com.scienjus.smartqq.client.SmartQQApi - 开始获取好友列表
2018-02-28 14:52:34.227 [Thread-5] INFO  com.scienjus.smartqq.client.SmartQQApi - 开始获取群列表
2018-02-28 14:52:37.472 [Thread-5] INFO  com.scienjus.smartqq.client.SmartQQApi - 开始获取讨论组列表
2018-02-28 14:52:37.545 [Thread-5] INFO  com.scienjus.smartqq.client.SmartQQApi - 开始获取最近会话列表
2018-02-28 14:52:37.697 [Thread-6] INFO  com.scienjus.smartqq.client.SmartQQApi - 开始获取群资料
2018-02-28 14:52:38.390 [Thread-6] INFO  com.scienjus.smartqq.client.SmartQQApi - 开始获取群资料
2018-02-28 14:52:39.425 [Thread-6] INFO  com.scienjus.smartqq.client.SmartQQApi - 开始获取群资料
2018-02-28 14:52:40.329 [Thread-6] INFO  com.scienjus.smartqq.client.SmartQQApi - 开始获取群资料
2018-02-28 14:52:51.799 [Thread-6] INFO  com.scienjus.smartqq.client.SmartQQApi - 开始获取群资料
2018-02-28 14:52:52.989 [Thread-6] INFO  com.scienjus.smartqq.client.SmartQQApi - 开始获取群资料
2018-02-28 14:52:54.259 [Thread-6] INFO  com.scienjus.smartqq.client.SmartQQApi - 开始获取群资料
2018-02-28 14:52:54.847 [Thread-6] INFO  com.scienjus.smartqq.client.SmartQQApi - 开始获取群资料
2018-02-28 14:52:58.967 [Thread-6] INFO  com.scienjus.smartqq.client.SmartQQApi - 开始获取群资料
2018-02-28 14:53:00.810 [Thread-6] INFO  com.scienjus.smartqq.client.SmartQQApi - 开始获取群资料
2018-02-28 14:53:11.870 [Thread-6] INFO  com.scienjus.smartqq.client.SmartQQApi - 开始获取群资料
2018-02-28 14:53:45.048 [Thread-6] INFO  com.scienjus.smartqq.client.SmartQQApi - 开始获取群资料
2018-02-28 14:54:10.034 [Thread-6] INFO  com.scienjus.smartqq.client.SmartQQApi - 开始获取群资料
2018-02-28 14:55:33.594 [Thread-6] INFO  com.scienjus.smartqq.client.SmartQQApi - 开始获取群资料
2018-02-28 14:55:41.831 [Thread-6] INFO  com.scienjus.smartqq.client.SmartQQApi - 开始获取群资料
2018-02-28 14:56:21.519 [Thread-6] INFO  com.scienjus.smartqq.client.SmartQQApi - 开始获取群资料
2018-02-28 14:56:46.736 [Thread-6] INFO  com.scienjus.smartqq.client.SmartQQApi - 开始获取群资料
2018-02-28 14:57:21.527 [Thread-6] INFO  com.scienjus.smartqq.client.SmartQQApi - 开始获取群资料
2018-02-28 14:57:44.260 [Thread-6] INFO  com.scienjus.smartqq.client.SmartQQApi - 开始获取群资料
2018-02-28 14:58:28.498 [Thread-6] INFO  com.scienjus.smartqq.client.SmartQQApi - 开始获取群资料
2018-02-28 14:58:35.461 [Thread-6] INFO  com.scienjus.smartqq.client.SmartQQApi - 开始获取群资料
2018-02-28 14:59:06.797 [Thread-6] INFO  com.scienjus.smartqq.client.SmartQQApi - 开始获取群资料
2018-02-28 15:06:34.277 [Thread-4] INFO  com.scienjus.smartqq.client.SmartQQApi - 开始获取二维码
2018-02-28 15:06:34.540 [Thread-4] INFO  com.scienjus.smartqq.client.SmartQQApi - 二维码已保存在 /home/linux/go/src/github.com/firerainos/firerain-web-go/.idea/SmartIM/smartqq.jpg 文件中，请打开手机QQ并扫描二维码
2018-02-28 15:06:43.810 [Thread-4] INFO  com.scienjus.smartqq.client.SmartQQApi - 正在登录，请稍后
2018-02-28 15:06:43.810 [Thread-4] INFO  com.scienjus.smartqq.client.SmartQQApi - 开始获取ptwebqq
2018-02-28 15:06:43.906 [Thread-4] INFO  com.scienjus.smartqq.client.SmartQQApi - 开始获取vfwebqq
2018-02-28 15:06:44.150 [Thread-4] INFO  com.scienjus.smartqq.client.SmartQQApi - 开始获取uin和psessionid
2018-02-28 15:06:44.327 [Thread-5] INFO  com.scienjus.smartqq.client.SmartQQApi - 开始获取登录用户信息
2018-02-28 15:06:44.413 [Thread-5] INFO  com.scienjus.smartqq.client.SmartQQApi - 开始获取好友列表
2018-02-28 15:06:44.687 [Thread-5] INFO  com.scienjus.smartqq.client.SmartQQApi - 开始获取群列表
2018-02-28 15:06:47.936 [Thread-5] INFO  com.scienjus.smartqq.client.SmartQQApi - 开始获取讨论组列表
2018-02-28 15:06:48.016 [Thread-5] INFO  com.scienjus.smartqq.client.SmartQQApi - 开始获取最近会话列表
2018-02-28 15:06:48.189 [Thread-6] INFO  com.scienjus.smartqq.client.SmartQQApi - 开始获取群资料
2018-02-28 15:06:48.865 [Thread-6] INFO  com.scienjus.smartqq.client.SmartQQApi - 开始获取群资料
2018-02-28 15:06:50.974 [Thread-6] INFO  com.scienjus.smartqq.client.SmartQQApi - 开始获取群资料
2018-02-28 15:06:52.235 [Thread-6] INFO  com.scienjus.smartqq.client.SmartQQApi - 开始获取群资料
2018-02-28 15:06:53.397 [Thread-6] INFO  com.scienjus.smartqq.client.SmartQQApi - 开始获取群资料
2018-02-28 15:06:54.483 [Thread-6] INFO  com.scienjus.smartqq.client.SmartQQApi - 开始获取群资料
2018-02-28 15:06:54.999 [Thread-6] INFO  com.scienjus.smartqq.client.SmartQQApi - 开始获取群资料
2018-02-28 15:06:55.140 [Thread-6] INFO  com.scienjus.smartqq.client.SmartQQApi - 开始获取群资料
2018-02-28 15:06:55.939 [Thread-6] INFO  com.scienjus.smartqq.client.SmartQQApi - 开始获取群资料
2018-02-28 15:07:06.158 [Thread-6] INFO  com.scienjus.smartqq.client.SmartQQApi - 开始获取群资料
2018-02-28 15:07:08.032 [Thread-7] INFO  com.scienjus.smartqq.client.SmartQQApi - 开始获取登录用户信息
2018-02-28 15:07:08.090 [Thread-7] INFO  com.scienjus.smartqq.client.SmartQQApi - 开始获取好友列表
2018-02-28 15:07:08.414 [Thread-7] INFO  com.scienjus.smartqq.client.SmartQQApi - 开始获取群列表
2018-02-28 15:07:11.690 [Thread-7] INFO  com.scienjus.smartqq.client.SmartQQApi - 开始获取讨论组列表
2018-02-28 15:07:11.765 [Thread-7] INFO  com.scienjus.smartqq.client.SmartQQApi - 开始获取最近会话列表
2018-02-28 15:07:18.660 [Thread-6] INFO  com.scienjus.smartqq.client.SmartQQApi - 开始获取群资料
2018-02-28 15:07:24.181 [Thread-6] INFO  com.scienjus.smartqq.client.SmartQQApi - 开始获取群资料
2018-02-28 15:07:38.721 [Thread-6] INFO  com.scienjus.smartqq.client.SmartQQApi - 开始获取群资料
2018-02-28 15:07:44.456 [Thread-6] INFO  com.scienjus.smartqq.client.SmartQQApi - 开始获取群资料
2018-02-28 15:08:02.070 [Thread-6] INFO  com.scienjus.smartqq.client.SmartQQApi - 开始获取群资料
2018-02-28 15:08:29.615 [Thread-6] INFO  com.scienjus.smartqq.client.SmartQQApi - 开始获取群资料
2018-02-28 15:08:42.622 [Thread-6] INFO  com.scienjus.smartqq.client.SmartQQApi - 开始获取群资料
2018-02-28 15:10:52.672 [Thread-6] INFO  com.scienjus.smartqq.client.SmartQQApi - 开始获取群资料
2018-02-28 15:13:24.433 [Thread-6] INFO  com.scienjus.smartqq.client.SmartQQApi - 开始获取群资料
2018-02-28 15:13:57.202 [Thread-6] INFO  com.scienjus.smartqq.client.SmartQQApi - 开始获取群资料
2018-02-28 15:15:38.031 [Thread-6] INFO  com.scienjus.smartqq.client.SmartQQApi - 开始获取群资料
2018-02-28 15:16:06.433 [Thread-6] INFO  com.scienjus.smartqq.client.SmartQQApi - 开始获取群资料
2018-02-28 15:17:15.794 [Thread-6] INFO  com.scienjus.smartqq.client.SmartQQApi - 开始获取群资料
2018-02-28 15:17:33.476 [Thread-6] INFO  com.scienjus.smartqq.client.SmartQQApi - 开始获取群资料
2018-02-28 15:21:43.952 [Thread-6] INFO  com.scienjus.smartqq.client.SmartQQApi - 开始获取群资料
2018-02-28 15:22:07.187 [Thread-6] INFO  com.scienjus.smartqq.client.SmartQQApi - 开始获取群资料
2018-02-28 15:26:12.493 [Thread-6] INFO  com.scienjus.smartqq.client.SmartQQApi - 开始获取群资料
2018-02-28 15:29:13.817 [Thread-6] INFO  com.scienjus.smartqq.client.SmartQQApi - 开始获取群资料
2018-02-28 15:31:22.527 [Thread-6] INFO  com.scienjus.smartqq.client.SmartQQApi - 开始获取群资料
2018-02-28 15:33:17.217 [Thread-6] INFO  com.scienjus.smartqq.client.SmartQQApi - 开始获取群资料
2018-02-28 15:35:26.654 [Thread-6] INFO  com.scienjus.smartqq.client.SmartQQApi - 开始获取群资料
2018-02-28 15:37:31.919 [Thread-6] INFO  com.scienjus.smartqq.client.SmartQQApi - 开始获取群资料
2018-02-28 15:38:46.544 [Thread-6] INFO  com.scienjus.smartqq.client.SmartQQApi - 开始获取群资料
2018-02-28 15:39:04.772 [Thread-6] INFO  com.scienjus.smartqq.client.SmartQQApi - 开始获取群资料
2018-02-28 15:49:48.269 [Thread-6] INFO  com.scienjus.smartqq.client.SmartQQApi - 开始获取群资料
2018-02-28 15:51:06.710 [Thread-6] INFO  com.scienjus.smartqq.client.SmartQQApi - 开始获取群资料
2018-02-28 15:51:45.586 [Thread-6] INFO  com.scienjus.smartqq.client.SmartQQApi - 开始获取群资料
2018-02-28 15:51:55.658 [Thread-6] INFO  com.scienjus.smartqq.client.SmartQQApi - 开始获取群资料
2018-02-28 15:53:46.252 [Thread-6] INFO  com.scienjus.smartqq.client.SmartQQApi - 开始获取群资料
2018-02-28 15:54:21.562 [Thread-6] INFO  com.scienjus.smartqq.client.SmartQQApi - 开始获取群资料
2018-02-28 15:58:02.191 [Thread-6] INFO  com.scienjus.smartqq.client.SmartQQApi - 开始获取群资料
2018-02-28 15:58:07.174 [Thread-6] INFO  com.scienjus.smartqq.client.SmartQQApi - 开始获取群资料
2018-02-28 15:58:08.198 [Thread-6] INFO  com.scienjus.smartqq.client.SmartQQApi - 开始获取群资料
2018-02-28 15:58:30.012 [Thread-6] INFO  com.scienjus.smartqq.client.SmartQQApi - 开始获取群资料
2018-02-28 15:59:59.612 [Thread-6] INFO  com.scienjus.smartqq.client.SmartQQApi - 开始获取群资料
2018-02-28 16:00:28.080 [Thread-6] INFO  com.scienjus.smartqq.client.SmartQQApi - 开始获取群资料
2018-02-28 16:02:13.554 [Thread-6] INFO  com.scienjus.smartqq.client.SmartQQApi - 开始获取群资料
2018-02-28 16:02:55.744 [Thread-6] INFO  com.scienjus.smartqq.client.SmartQQApi - 开始获取群资料
2018-02-28 16:03:32.308 [Thread-6] INFO  com.scienjus.smartqq.client.SmartQQApi - 开始获取群资料
2018-02-28 16:05:09.072 [Thread-6] INFO  com.scienjus.smartqq.client.SmartQQApi - 开始获取群资料
2018-02-28 16:14:24.652 [Thread-6] INFO  com.scienjus.smartqq.client.SmartQQApi - 开始获取群资料
2018-02-28 16:17:12.853 [Thread-6] INFO  com.scienjus.smartqq.client.SmartQQApi - 开始获取群资料
2018-02-28 16:23:13.925 [Thread-6] INFO  com.scienjus.smartqq.client.SmartQQApi - 开始获取群资料
2018-02-28 16:24:45.678 [Thread-6] INFO  com.scienjus.smartqq.client.SmartQQApi - 开始获取群资料
2018-02-28 16:31:34.878 [Thread-6] INFO  com.scienjus.smartqq.client.SmartQQApi - 开始获取群资料
2018-02-28 16:35:45.765 [Thread-6] INFO  com.scienjus.smartqq.client.SmartQQApi - 开始获取群资料
2018-02-28 16:35:58.541 [Thread-6] INFO  com.scienjus.smartqq.client.SmartQQApi - 开始获取群资料
2018-02-28 16:41:39.056 [Thread-6] INFO  com.scienjus.smartqq.client.SmartQQApi - 开始获取群资料
2018-02-28 16:43:39.738 [Thread-6] INFO  com.scienjus.smartqq.client.SmartQQApi - 开始获取群资料
2018-02-28 16:45:27.616 [Thread-6] INFO  com.scienjus.smartqq.client.SmartQQApi - 开始获取群资料
2018-02-28 16:57:16.651 [Thread-6] INFO  com.scienjus.smartqq.client.SmartQQApi - 开始获取群资料
2018-02-28 16:57:58.022 [Thread-6] INFO  com.scienjus.smartqq.client.SmartQQApi - 开始获取群资料
2018-02-28 16:58:11.744 [Thread-6] INFO  com.scienjus.smartqq.client.SmartQQApi - 开始获取群资料
2018-02-28 17:02:46.183 [Thread-6] INFO  com.scienjus.smartqq.client.SmartQQApi - 开始获取群资料
2018-02-28 17:06:26.830 [Thread-6] INFO  com.scienjus.smartqq.client.SmartQQApi - 开始获取群资料
2018-02-28 17:14:12.075 [Thread-6] INFO  com.scienjus.smartqq.client.SmartQQApi - 开始获取群资料
2018-02-28 17:15:03.552 [Thread-6] INFO  com.scienjus.smartqq.client.SmartQQApi - 开始获取群资料
2018-02-28 17:18:11.162 [Thread-6] INFO  com.scienjus.smartqq.client.SmartQQApi - 开始获取群资料
2018-02-28 17:18:16.612 [Thread-6] INFO  com.scienjus.smartqq.client.SmartQQApi - 开始获取群资料
2018-02-28 17:20:51.516 [Thread-6] INFO  com.scienjus.smartqq.client.SmartQQApi - 开始获取群资料
2018-02-28 17:23:57.481 [Thread-6] INFO  com.scienjus.smartqq.client.SmartQQApi - 开始获取群资料
